[Fri, 14 Feb 20 12:49:00 +0530][EMERGENCY] response ={"success":true,"message":"2 new warehouse has been successfully added.","url":null}
[Fri, 14 Feb 20 12:53:12 +0530][EMERGENCY] response ={"success":true,"message":"Successfully Connected Facebook Account!!","shop":"","code":"move_to_next_step"}
[Fri, 14 Feb 20 12:55:36 +0530][EMERGENCY] response ={"success":true,"message":"Successfully Connected Facebook Account!!","shop":"satya-ka-store.myshopify.com","code":"move_to_next_step"}
[Fri, 14 Feb 20 13:07:45 +0530][EMERGENCY] response ={"success":true,"message":"Congratulations!! Welcome onboard. Your shopify store has been succesfully set up.","url":null}
[Fri, 14 Feb 20 13:12:47 +0530][EMERGENCY] response ={"success":true,"message":"Congratulations!!<br \/> Welcome onboard. Your shopify store has been succesfully set up.","url":null}
[Fri, 14 Feb 20 14:07:46 +0530][EMERGENCY] response ={"success":true,"message":"Successfully Connected Facebook Account!!","shop":"satya-ka-store.myshopify.com","marketplace":"facebook","code":"move_to_next_step"}
[Fri, 14 Feb 20 14:37:25 +0530][EMERGENCY] response ={"success":true,"message":"<p><b><spam style=\"color: orange;font-size: xx-large;font-family: unset;\">Congratulations!!<\/spam><b><br><b style=\"color: mediumseagreen;\">Welcome onboard. Your shopify store has been succesfully set up.<\/b>","url":null}
[Fri, 14 Feb 20 14:41:09 +0530][EMERGENCY] response ={"success":true,"message":"<p><b><spam style=\"color: orange;font-size: xx-large;font-family: unset;\">Congratulations!!<\/spam><b><br><b style=\"color: mediumseagreen;\">Welcome onboard. Your shopify store has been succesfully set up.<\/b>","url":null}
[Fri, 14 Feb 20 14:45:55 +0530][EMERGENCY] response ={"success":true,"message":"Successfully Connected Facebook Account!!","shop":"","marketplace":"facebook","code":"move_to_next_step"}
[Fri, 14 Feb 20 14:46:54 +0530][EMERGENCY] response ={"success":true,"message":"Successfully Connected Facebook Account!!","shop":"satya-ka-store.myshopify.com","marketplace":"facebook","code":"move_to_next_step"}
[Fri, 14 Feb 20 15:56:30 +0530][EMERGENCY] response ={"success":true,"message":"<p><b><spam style=\"color: orange;font-size: xx-large;font-family: unset;\">Congratulations!!<\/spam><b><br><b style=\"color: mediumseagreen;\">Welcome onboard. Your shopify store has been succesfully set up.<\/b>","url":null}
[Fri, 14 Feb 20 16:13:14 +0530][EMERGENCY] response ={"success":true,"message":"Successfully Connected Facebook Account!!","shop":"","marketplace":"facebook","code":"move_to_next_step"}
[Fri, 14 Feb 20 16:14:20 +0530][EMERGENCY] response ={"success":true,"message":"Successfully Connected Facebook Account!!","shop":"satya-ka-store.myshopify.com","marketplace":"facebook","code":"move_to_next_step"}
[Fri, 14 Feb 20 18:26:53 +0530][EMERGENCY] response ={"success":true,"message":"Successfully Connected Facebook Account!!","shop":"satya-ka-store.myshopify.com","marketplace":"facebook","code":"move_to_next_step"}
[Sat, 15 Feb 20 18:24:09 +0530][EMERGENCY] response ={"success":true,"message":"Successfully Connected Facebook Account!!","shop":"satya-ka-store.myshopify.com","marketplace":"facebook","code":"move_to_next_step"}
[Thu, 20 Feb 20 12:18:10 +0530][EMERGENCY] response ={"success":true,"message":"Successfully Connected Facebook Account!!","shop":"satya-ka-store.myshopify.com","marketplace":"facebook","code":"move_to_next_step"}
[Fri, 21 Feb 20 08:57:20 +0000][EMERGENCY] response ={"success":true,"redirect_to_dashboard":1,"url":null,"message":"<p><b><spam style=\"color: orange;font-size: xx-large;font-family: unset;\">Congratulations!!<\/spam><b><br><b style=\"color: mediumseagreen;\">Welcome onboard. Your shopify store has been succesfully set up.<\/b>"}
[Fri, 21 Feb 20 09:01:28 +0000][EMERGENCY] response ={"success":true,"redirect_to_dashboard":1,"url":null,"message":"<p><b><spam style=\"color: orange;font-size: xx-large;font-family: unset;\">Congratulations!!<\/spam><b><br><b style=\"color: mediumseagreen;\">Welcome onboard. Your shopify store has been succesfully set up.<\/b>"}
[Fri, 21 Feb 20 09:49:37 +0000][EMERGENCY] response ={"success":true,"message":"<p><b><spam style=\"color: orange;font-size: xx-large;font-family: unset;\">Congratulations!!<\/spam><b><br><b style=\"color: mediumseagreen;\">Welcome onboard. Your shopify store has been succesfully set up.<\/b>","url":null}
[Fri, 21 Feb 20 10:03:16 +0000][EMERGENCY] response ={"success":true,"message":"<p><b><spam style=\"color: orange;font-size: xx-large;font-family: unset;\">Congratulations!!<\/spam><b><br><b style=\"color: mediumseagreen;\">Welcome onboard. Your shopify store has been succesfully set up.<\/b>","url":null}
[Fri, 21 Feb 20 10:43:44 +0000][EMERGENCY] response ={"success":true,"redirect_to_dashboard":1,"url":"cricket-ki-shop.myshopify.com","message":"<p><b><spam style=\"color: orange;font-size: xx-large;font-family: unset;\">Congratulations!!<\/spam><b><br><b style=\"color: mediumseagreen;\">Welcome onboard. Your shopify store has been succesfully set up.<\/b>"}
[Fri, 21 Feb 20 10:45:13 +0000][EMERGENCY] response ={"success":true,"redirect_to_dashboard":1,"url":"cricket-ki-shop.myshopify.com","message":"<p><b><spam style=\"color: orange;font-size: xx-large;font-family: unset;\">Congratulations!!<\/spam><b><br><b style=\"color: mediumseagreen;\">Welcome onboard. Your shopify store has been succesfully set up.<\/b>"}
[Fri, 21 Feb 20 10:46:39 +0000][EMERGENCY] response ={"success":true,"redirect_to_dashboard":1,"url":"cricket-ki-shop.myshopify.com","message":"<p><b><spam style=\"color: orange;font-size: xx-large;font-family: unset;\">Congratulations!!<\/spam><b><br><b style=\"color: mediumseagreen;\">Welcome onboard. Your shopify store has been succesfully set up.<\/b>"}
[Fri, 21 Feb 20 10:57:37 +0000][EMERGENCY] response ={"success":true,"redirect_to_dashboard":1,"url":"cricket-ki-shop.myshopify.com","message":"<p><b><spam style=\"color: orange;font-size: xx-large;font-family: unset;\">Congratulations!!<\/spam><b><br><b style=\"color: mediumseagreen;\">Welcome onboard. Your shopify store has been succesfully set up.<\/b>"}
[Fri, 21 Feb 20 10:57:37 +0000][EMERGENCY] response ={"success":true,"redirect_to_dashboard":1,"url":"cricket-ki-shop.myshopify.com","message":"<p><b><spam style=\"color: orange;font-size: xx-large;font-family: unset;\">Congratulations!!<\/spam><b><br><b style=\"color: mediumseagreen;\">Welcome onboard. Your shopify store has been succesfully set up.<\/b>"}
[Fri, 21 Feb 20 10:58:10 +0000][EMERGENCY] response ={"success":true,"redirect_to_dashboard":1,"url":"cricket-ki-shop.myshopify.com","message":"<p><b><spam style=\"color: orange;font-size: xx-large;font-family: unset;\">Congratulations!!<\/spam><b><br><b style=\"color: mediumseagreen;\">Welcome onboard. Your shopify store has been succesfully set up.<\/b>"}
[Fri, 21 Feb 20 11:01:42 +0000][EMERGENCY] response ={"success":true,"redirect_to_dashboard":1,"url":"cricket-ki-shop.myshopify.com","message":"<p><b><spam style=\"color: orange;font-size: xx-large;font-family: unset;\">Congratulations!!<\/spam><b><br><b style=\"color: mediumseagreen;\">Welcome onboard. Your shopify store has been succesfully set up.<\/b>"}
[Fri, 21 Feb 20 11:09:03 +0000][EMERGENCY] response ={"success":true,"message":"Successfully Connected Facebook Account!!","shop":"cricket-ki-shop.myshopify.com","marketplace":"facebook","code":"move_to_next_step"}
[Fri, 21 Feb 20 11:09:26 +0000][EMERGENCY] response ={"success":false,"code":"user_already_exist","message":"User already exists","data":{"errors":["Username already exist."]}}
[Fri, 21 Feb 20 11:34:36 +0000][EMERGENCY] response ={"success":true,"message":"<p><b><spam style=\"color: orange;font-size: xx-large;font-family: unset;\">Congratulations!!<\/spam><b><br><b style=\"color: mediumseagreen;\">Welcome onboard. Your shopify store has been succesfully set up.<\/b>","url":null}
[Fri, 21 Feb 20 11:36:19 +0000][EMERGENCY] response ={"success":true,"redirect_to_dashboard":1,"url":"cricket-ki-shop.myshopify.com","message":"<p><b><spam style=\"color: orange;font-size: xx-large;font-family: unset;\">Congratulations!!<\/spam><b><br><b style=\"color: mediumseagreen;\">Welcome onboard. Your shopify store has been succesfully set up.<\/b>"}
[Fri, 21 Feb 20 11:36:29 +0000][EMERGENCY] response ={"success":true,"message":"Successfully Connected Facebook Account!!","shop":"cricket-ki-shop.myshopify.com","marketplace":"facebook","code":"move_to_next_step"}
[Fri, 21 Feb 20 11:36:54 +0000][EMERGENCY] response ={"success":true,"redirect_to_dashboard":1,"url":"cricket-ki-shop.myshopify.com","message":"<p><b><spam style=\"color: orange;font-size: xx-large;font-family: unset;\">Congratulations!!<\/spam><b><br><b style=\"color: mediumseagreen;\">Welcome onboard. Your shopify store has been succesfully set up.<\/b>"}
[Fri, 21 Feb 20 11:37:01 +0000][EMERGENCY] response ={"success":true,"redirect_to_dashboard":1,"url":"cricket-ki-shop.myshopify.com","message":"<p><b><spam style=\"color: orange;font-size: xx-large;font-family: unset;\">Congratulations!!<\/spam><b><br><b style=\"color: mediumseagreen;\">Welcome onboard. Your shopify store has been succesfully set up.<\/b>"}
